<?xml version="1.0" encoding="UTF-8"?>
<!-- Generated by org.testng.reporters.JUnitReportReporter -->
<testsuite skipped="0" hostname="DELL" name="com.makeMyTrip.tests.HomePageTest" tests="1" failures="0" timestamp="23 Apr 2019 13:38:05 GMT" time="12.437" errors="0">
  <testcase name="verifyhomePageTitleTest" time="12.437" classname="com.makeMyTrip.tests.HomePageTest"/>
</testsuite> <!-- com.makeMyTrip.tests.HomePageTest -->
