<?xml version="1.0" encoding="UTF-8"?>
<!-- Generated by org.testng.reporters.JUnitReportReporter -->
<testsuite skipped="0" hostname="DELL" name="com.makeMyTrip.tests.MakeMyTripTest" tests="4" failures="0" timestamp="27 Apr 2019 13:27:33 GMT" time="249.269" errors="0">
  <testcase name="getDepartureAndReturnFlightRecordTest" time="65.741" classname="com.makeMyTrip.tests.MakeMyTripTest"/>
  <testcase name="getDepAndRetRecordNonStopCheckboxTest" time="67.301" classname="com.makeMyTrip.tests.MakeMyTripTest"/>
  <testcase name="getDepAndRetRecordOneStopCheckboxTest" time="65.505" classname="com.makeMyTrip.tests.MakeMyTripTest"/>
  <testcase name="verifyDepartureAndReturnPriceTest" time="50.722" classname="com.makeMyTrip.tests.MakeMyTripTest"/>
</testsuite> <!-- com.makeMyTrip.tests.MakeMyTripTest -->
